
> bolt-cep@2.0.0 dev
> vite

[33mThe CJS build of Vite's Node API is deprecated. See https://vite.dev/guide/troubleshooting.html#vite-cjs-node-api-deprecated for more details.[39m
dist/cep/jsx/index.js
[1;32mCEP Panels Served at:

[0m   > main: [1;36mhttp://localhost:3030/main/

  VITE v5.4.19  ready in 1038 ms

  ➜  Local:   http://localhost:3030/
  ➜  Network: use --host to expose
ExtendScript Change
3:22:55 PM [vite] page reload main/index.html
ExtendScript Change
3:37:49 PM [vite] page reload main/index.html
ExtendScript Change
3:38:57 PM [vite] page reload main/index.html
ExtendScript Change
3:39:46 PM [vite] page reload main/index.html
3:40:10 PM [vite] hmr update /main/main.tsx
3:40:56 PM [vite] page reload main/index.html
ExtendScript Change
3:45:21 PM [vite] page reload main/index.html
ExtendScript Change
3:57:02 PM [vite] page reload main/index.html
3:57:15 PM [vite] hmr update /main/main.tsx
4:05:40 PM [vite] hmr update /main/main.scss
4:05:52 PM [vite] hmr update /main/main.tsx
4:06:02 PM [vite] hmr update /main/main.tsx
4:07:12 PM [vite] hmr update /main/main.tsx
4:08:23 PM [vite] hmr update /main/main.tsx
4:08:33 PM [vite] hmr update /main/main.tsx
4:08:39 PM [vite] hmr update /main/main.tsx
4:08:39 PM [vite] hmr update /main/main.tsx
4:20:51 PM [vite] hmr update /main/main.tsx
4:21:13 PM [vite] hmr update /main/main.scss
4:21:25 PM [vite] hmr update /main/main.scss
4:21:26 PM [vite] hmr update /main/main.scss
4:21:34 PM [vite] hmr update /main/main.tsx
4:21:34 PM [vite] hmr update /main/main.tsx
4:23:56 PM [vite] hmr update /main/main.tsx
4:24:27 PM [vite] hmr update /main/main.scss
4:24:37 PM [vite] hmr update /main/main.scss
4:30:44 PM [vite] hmr update /main/main.tsx
4:30:53 PM [vite] hmr update /main/main.tsx
4:31:02 PM [vite] hmr update /main/main.tsx
4:31:02 PM [vite] hmr update /main/main.tsx
4:38:00 PM [vite] hmr update /main/main.tsx
4:38:13 PM [vite] hmr update /main/main.tsx
4:44:51 PM [vite] hmr update /main/main.tsx
4:47:01 PM [vite] hmr update /main/main.tsx
4:47:08 PM [vite] hmr update /main/main.tsx
4:47:57 PM [vite] hmr update /main/main.tsx
4:51:55 PM [vite] page reload main/index.html
